# JRE version: OpenJDK Runtime Environment (8.0_152-b02) (build 1.8.0_152-release-1024-b02)
# Java VM: OpenJDK 64-Bit Server VM (25.152-b02 mixed mode windows-amd64 compressed oops)
Heap:
 PSYoungGen      total 451584K, used 289782K [0x00000000e0000000, 0x00000000fea00000, 0x0000000100000000)
  eden space 439808K, 65% used [0x00000000e0000000,0x00000000f1afd980,0x00000000fad80000)
  from space 11776K, 0% used [0x00000000fde80000,0x00000000fde80000,0x00000000fea00000)
  to   space 27136K, 0% used [0x00000000fb500000,0x00000000fb500000,0x00000000fcf80000)
 ParOldGen       total 219648K, used 48626K [0x00000000a0000000, 0x00000000ad680000, 0x00000000e0000000)
  object space 219648K, 22% used [0x00000000a0000000,0x00000000a2f7cbf8,0x00000000ad680000)
 Metaspace       used 98888K, capacity 103270K, committed 103512K, reserved 1138688K
  class space    used 12655K, capacity 13657K, committed 13696K, reserved 1048576K
GC Heap History (10 events):
Event: 149.852 GC heap before
{Heap before GC invocations=16 (full 3):
 PSYoungGen      total 441856K, used 441378K [0x00000000e0000000, 0x00000000fd400000, 0x0000000100000000)
  eden space 425984K, 100% used [0x00000000e0000000,0x00000000fa000000,0x00000000fa000000)
  from space 15872K, 96% used [0x00000000fc480000,0x00000000fd388820,0x00000000fd400000)
  to   space 23552K, 0% used [0x00000000fa600000,0x00000000fa600000,0x00000000fbd00000)
 ParOldGen       total 152576K, used 47372K [0x00000000a0000000, 0x00000000a9500000, 0x00000000e0000000)
  object space 152576K, 31% used [0x00000000a0000000,0x00000000a2e43140,0x00000000a9500000)
 Metaspace       used 78218K, capacity 81588K, committed 81752K, reserved 1120256K
  class space    used 10163K, capacity 10873K, committed 10880K, reserved 1048576K
Event: 149.888 GC heap after
Heap after GC invocations=16 (full 3):
 PSYoungGen      total 455680K, used 7550K [0x00000000e0000000, 0x0000000100000000, 0x0000000100000000)
  eden space 432128K, 0% used [0x00000000e0000000,0x00000000e0000000,0x00000000fa600000)
  from space 23552K, 32% used [0x00000000fa600000,0x00000000fad5fb88,0x00000000fbd00000)
  to   space 23040K, 0% used [0x00000000fe980000,0x00000000fe980000,0x0000000100000000)
 ParOldGen       total 152576K, used 47380K [0x00000000a0000000, 0x00000000a9500000, 0x00000000e0000000)
  object space 152576K, 31% used [0x00000000a0000000,0x00000000a2e45140,0x00000000a9500000)
 Metaspace       used 78218K, capacity 81588K, committed 81752K, reserved 1120256K
  class space    used 10163K, capacity 10873K, committed 10880K, reserved 1048576K
}
Event: 159.809 GC heap before
{Heap before GC invocations=17 (full 3):
 PSYoungGen      total 455680K, used 439530K [0x00000000e0000000, 0x0000000100000000, 0x0000000100000000)
  eden space 432128K, 99% used [0x00000000e0000000,0x00000000fa5dad18,0x00000000fa600000)
  from space 23552K, 32% used [0x00000000fa600000,0x00000000fad5fb88,0x00000000fbd00000)
  to   space 23040K, 0% used [0x00000000fe980000,0x00000000fe980000,0x0000000100000000)
 ParOldGen       total 152576K, used 47380K [0x00000000a0000000, 0x00000000a9500000, 0x00000000e0000000)
  object space 152576K, 31% used [0x00000000a0000000,0x00000000a2e45140,0x00000000a9500000)
 Metaspace       used 78521K, capacity 81984K, committed 82136K, reserved 1120256K
  class space    used 10183K, capacity 10907K, committed 11008K, reserved 1048576K
Event: 159.832 GC heap after
Heap after GC invocations=17 (full 3):
 PSYoungGen      total 498176K, used 11513K [0x00000000e0000000, 0x00000000ffd80000, 0x0000000100000000)
  eden space 477696K, 0% used [0x00000000e0000000,0x00000000e0000000,0x00000000fd280000)
  from space 20480K, 56% used [0x00000000fe980000,0x00000000ff4be728,0x00000000ffd80000)
  to   space 22016K, 0% used [0x00000000fd280000,0x00000000fd280000,0x00000000fe800000)
 ParOldGen       total 152576K, used 47388K [0x00000000a0000000, 0x00000000a9500000, 0x00000000e0000000)
  object space 152576K, 31% used [0x00000000a0000000,0x00000000a2e47140,0x00000000a9500000)
 Metaspace       used 78521K, capacity 81984K, committed 82136K, reserved 1120256K
  class space    used 10183K, capacity 10907K, committed 11008K, reserved 1048576K
}
Event: 328.236 GC heap before
{Heap before GC invocations=18 (full 3):
 PSYoungGen      total 498176K, used 488349K [0x00000000e0000000, 0x00000000ffd80000, 0x0000000100000000)
  eden space 477696K, 99% used [0x00000000e0000000,0x00000000fd1a8f68,0x00000000fd280000)
  from space 20480K, 56% used [0x00000000fe980000,0x00000000ff4be728,0x00000000ffd80000)
  to   space 22016K, 0% used [0x00000000fd280000,0x00000000fd280000,0x00000000fe800000)
 ParOldGen       total 152576K, used 47388K [0x00000000a0000000, 0x00000000a9500000, 0x00000000e0000000)
  object space 152576K, 31% used [0x00000000a0000000,0x00000000a2e47140,0x00000000a9500000)
 Metaspace       used 78980K, capacity 82632K, committed 82904K, reserved 1122304K
  class space    used 10212K, capacity 10981K, committed 11008K, reserved 1048576K
Event: 328.267 GC heap after
Heap after GC invocations=18 (full 3):
 PSYoungGen      total 470528K, used 11897K [0x00000000e0000000, 0x00000000fea00000, 0x0000000100000000)
  eden space 458240K, 0% used [0x00000000e0000000,0x00000000e0000000,0x00000000fbf80000)
  from space 12288K, 96% used [0x00000000fd280000,0x00000000fde1e708,0x00000000fde80000)
  to   space 11776K, 0% used [0x00000000fde80000,0x00000000fde80000,0x00000000fea00000)
 ParOldGen       total 152576K, used 47396K [0x00000000a0000000, 0x00000000a9500000, 0x00000000e0000000)
  object space 152576K, 31% used [0x00000000a0000000,0x00000000a2e49140,0x00000000a9500000)
 Metaspace       used 78980K, capacity 82632K, committed 82904K, reserved 1122304K
  class space    used 10212K, capacity 10981K, committed 11008K, reserved 1048576K
}
Event: 5432.036 GC heap before
{Heap before GC invocations=19 (full 3):
 PSYoungGen      total 470528K, used 443817K [0x00000000e0000000, 0x00000000fea00000, 0x0000000100000000)
  eden space 458240K, 94% used [0x00000000e0000000,0x00000000fa5cc0e0,0x00000000fbf80000)
  from space 12288K, 96% used [0x00000000fd280000,0x00000000fde1e708,0x00000000fde80000)
  to   space 11776K, 0% used [0x00000000fde80000,0x00000000fde80000,0x00000000fea00000)
 ParOldGen       total 152576K, used 47396K [0x00000000a0000000, 0x00000000a9500000, 0x00000000e0000000)
  object space 152576K, 31% used [0x00000000a0000000,0x00000000a2e49140,0x00000000a9500000)
 Metaspace       used 93737K, capacity 98334K, committed 98380K, reserved 1134592K
  class space    used 12085K, capacity 13051K, committed 13056K, reserved 1048576K
Event: 5432.517 GC heap after
Heap after GC invocations=19 (full 3):
 PSYoungGen      total 451584K, used 11771K [0x00000000e0000000, 0x00000000fea00000, 0x0000000100000000)
  eden space 439808K, 0% used [0x00000000e0000000,0x00000000e0000000,0x00000000fad80000)
  from space 11776K, 99% used [0x00000000fde80000,0x00000000fe9fec88,0x00000000fea00000)
  to   space 27136K, 0% used [0x00000000fb500000,0x00000000fb500000,0x00000000fcf80000)
 ParOldGen       total 152576K, used 65949K [0x00000000a0000000, 0x00000000a9500000, 0x00000000e0000000)
  object space 152576K, 43% used [0x00000000a0000000,0x00000000a40676c8,0x00000000a9500000)
 Metaspace       used 93737K, capacity 98334K, committed 98380K, reserved 1134592K
  class space    used 12085K, capacity 13051K, committed 13056K, reserved 1048576K
}
Event: 5432.517 GC heap before
{Heap before GC invocations=20 (full 4):
 PSYoungGen      total 451584K, used 11771K [0x00000000e0000000, 0x00000000fea00000, 0x0000000100000000)
  eden space 439808K, 0% used [0x00000000e0000000,0x00000000e0000000,0x00000000fad80000)
  from space 11776K, 99% used [0x00000000fde80000,0x00000000fe9fec88,0x00000000fea00000)
  to   space 27136K, 0% used [0x00000000fb500000,0x00000000fb500000,0x00000000fcf80000)
 ParOldGen       total 152576K, used 65949K [0x00000000a0000000, 0x00000000a9500000, 0x00000000e0000000)
  object space 152576K, 43% used [0x00000000a0000000,0x00000000a40676c8,0x00000000a9500000)
 Metaspace       used 93737K, capacity 98334K, committed 98380K, reserved 1134592K
  class space    used 12085K, capacity 13051K, committed 13056K, reserved 1048576K
Event: 5434.143 GC heap after
Heap after GC invocations=20 (full 4):
 PSYoungGen      total 451584K, used 0K [0x00000000e0000000, 0x00000000fea00000, 0x0000000100000000)
  eden space 439808K, 0% used [0x00000000e0000000,0x00000000e0000000,0x00000000fad80000)
  from space 11776K, 0% used [0x00000000fde80000,0x00000000fde80000,0x00000000fea00000)
  to   space 27136K, 0% used [0x00000000fb500000,0x00000000fb500000,0x00000000fcf80000)
 ParOldGen       total 219648K, used 48626K [0x00000000a0000000, 0x00000000ad680000, 0x00000000e0000000)
  object space 219648K, 22% used [0x00000000a0000000,0x00000000a2f7cbf8,0x00000000ad680000)
 Metaspace       used 92250K, capacity 95762K, committed 98380K, reserved 1134592K
  class space    used 11792K, capacity 12559K, committed 13056K, reserved 1048576K
}

